2024-05-03 13:21:01,492 - INFO - C:\Users\ltruon01\Desktop\misc\NBA Companion\nba_companion\nba_app\views.py changed, reloading.
2024-05-03 13:21:16,317 - INFO - C:\Users\ltruon01\Desktop\misc\NBA Companion\nba_companion\nba_app\views.py changed, reloading.
2024-05-03 13:21:40,443 - INFO - C:\Users\ltruon01\Desktop\misc\NBA Companion\nba_companion\nba_app\views.py changed, reloading.
2024-05-03 13:24:44,132 - INFO - C:\Users\ltruon01\Desktop\misc\NBA Companion\nba_companion\nba_app\views.py changed, reloading.
2024-05-03 13:24:46,636 - INFO - C:\Users\ltruon01\Desktop\misc\NBA Companion\nba_companion\nba_app\views.py changed, reloading.
2024-05-03 13:25:28,338 - ERROR - Unable to find player: Expecting value: line 1 column 1 (char 0)
2024-05-03 13:25:33,874 - ERROR - Internal Server Error: /regular_season_career_summary/
Traceback (most recent call last):
  File "C:\Users\ltruon01\Desktop\misc\NBA Companion\.venv\Lib\site-packages\django\core\handlers\exception.py", line 55, in inner
    response = get_response(request)
               ^^^^^^^^^^^^^^^^^^^^^
  File "C:\Users\ltruon01\Desktop\misc\NBA Companion\.venv\Lib\site-packages\django\core\handlers\base.py", line 204, in _get_response
    self.check_response(response, callback)
  File "C:\Users\ltruon01\Desktop\misc\NBA Companion\.venv\Lib\site-packages\django\core\handlers\base.py", line 332, in check_response
    raise ValueError(
ValueError: The view nba_app.views.regular_season didn't return an HttpResponse object. It returned None instead.
2024-05-03 13:26:33,987 - INFO - C:\Users\ltruon01\Desktop\misc\NBA Companion\nba_companion\nba_app\views.py changed, reloading.
2024-05-03 13:26:42,128 - ERROR - Internal Server Error: /regular_season_career_summary/
Traceback (most recent call last):
  File "C:\Users\ltruon01\Desktop\misc\NBA Companion\.venv\Lib\site-packages\django\core\handlers\exception.py", line 55, in inner
    response = get_response(request)
               ^^^^^^^^^^^^^^^^^^^^^
  File "C:\Users\ltruon01\Desktop\misc\NBA Companion\.venv\Lib\site-packages\django\core\handlers\base.py", line 204, in _get_response
    self.check_response(response, callback)
  File "C:\Users\ltruon01\Desktop\misc\NBA Companion\.venv\Lib\site-packages\django\core\handlers\base.py", line 332, in check_response
    raise ValueError(
ValueError: The view nba_app.views.regular_season didn't return an HttpResponse object. It returned None instead.
2024-05-03 13:27:08,749 - INFO - C:\Users\ltruon01\Desktop\misc\NBA Companion\nba_companion\nba_app\views.py changed, reloading.
2024-05-03 13:27:20,424 - ERROR - Internal Server Error: /regular_season_career_summary/
Traceback (most recent call last):
  File "C:\Users\ltruon01\Desktop\misc\NBA Companion\.venv\Lib\site-packages\django\core\handlers\exception.py", line 55, in inner
    response = get_response(request)
               ^^^^^^^^^^^^^^^^^^^^^
  File "C:\Users\ltruon01\Desktop\misc\NBA Companion\.venv\Lib\site-packages\django\core\handlers\base.py", line 204, in _get_response
    self.check_response(response, callback)
  File "C:\Users\ltruon01\Desktop\misc\NBA Companion\.venv\Lib\site-packages\django\core\handlers\base.py", line 332, in check_response
    raise ValueError(
ValueError: The view nba_app.views.regular_season didn't return an HttpResponse object. It returned None instead.
2024-05-03 13:27:23,695 - ERROR - Internal Server Error: /regular_season_career_summary/
Traceback (most recent call last):
  File "C:\Users\ltruon01\Desktop\misc\NBA Companion\.venv\Lib\site-packages\django\core\handlers\exception.py", line 55, in inner
    response = get_response(request)
               ^^^^^^^^^^^^^^^^^^^^^
  File "C:\Users\ltruon01\Desktop\misc\NBA Companion\.venv\Lib\site-packages\django\core\handlers\base.py", line 204, in _get_response
    self.check_response(response, callback)
  File "C:\Users\ltruon01\Desktop\misc\NBA Companion\.venv\Lib\site-packages\django\core\handlers\base.py", line 332, in check_response
    raise ValueError(
ValueError: The view nba_app.views.regular_season didn't return an HttpResponse object. It returned None instead.
2024-05-03 13:28:01,484 - INFO - C:\Users\ltruon01\Desktop\misc\NBA Companion\nba_companion\nba_app\views.py changed, reloading.
2024-05-03 13:28:06,468 - ERROR - Internal Server Error: /regular_season_career_summary/
Traceback (most recent call last):
  File "C:\Users\ltruon01\Desktop\misc\NBA Companion\.venv\Lib\site-packages\django\core\handlers\exception.py", line 55, in inner
    response = get_response(request)
               ^^^^^^^^^^^^^^^^^^^^^
  File "C:\Users\ltruon01\Desktop\misc\NBA Companion\.venv\Lib\site-packages\django\core\handlers\base.py", line 204, in _get_response
    self.check_response(response, callback)
  File "C:\Users\ltruon01\Desktop\misc\NBA Companion\.venv\Lib\site-packages\django\core\handlers\base.py", line 332, in check_response
    raise ValueError(
ValueError: The view nba_app.views.regular_season didn't return an HttpResponse object. It returned None instead.
2024-05-03 13:28:28,017 - INFO - C:\Users\ltruon01\Desktop\misc\NBA Companion\nba_companion\nba_app\views.py changed, reloading.
2024-05-03 13:28:32,800 - ERROR - Internal Server Error: /regular_season_career_summary/
Traceback (most recent call last):
  File "C:\Users\ltruon01\Desktop\misc\NBA Companion\.venv\Lib\site-packages\django\core\handlers\exception.py", line 55, in inner
    response = get_response(request)
               ^^^^^^^^^^^^^^^^^^^^^
  File "C:\Users\ltruon01\Desktop\misc\NBA Companion\.venv\Lib\site-packages\django\core\handlers\base.py", line 204, in _get_response
    self.check_response(response, callback)
  File "C:\Users\ltruon01\Desktop\misc\NBA Companion\.venv\Lib\site-packages\django\core\handlers\base.py", line 332, in check_response
    raise ValueError(
ValueError: The view nba_app.views.regular_season didn't return an HttpResponse object. It returned None instead.
2024-05-03 13:29:20,559 - INFO - C:\Users\ltruon01\Desktop\misc\NBA Companion\nba_companion\nba_app\views.py changed, reloading.
2024-05-03 13:29:25,209 - ERROR - Internal Server Error: /regular_season_career_summary/
Traceback (most recent call last):
  File "C:\Users\ltruon01\Desktop\misc\NBA Companion\.venv\Lib\site-packages\django\core\handlers\exception.py", line 55, in inner
    response = get_response(request)
               ^^^^^^^^^^^^^^^^^^^^^
  File "C:\Users\ltruon01\Desktop\misc\NBA Companion\.venv\Lib\site-packages\django\core\handlers\base.py", line 204, in _get_response
    self.check_response(response, callback)
  File "C:\Users\ltruon01\Desktop\misc\NBA Companion\.venv\Lib\site-packages\django\core\handlers\base.py", line 332, in check_response
    raise ValueError(
ValueError: The view nba_app.views.regular_season didn't return an HttpResponse object. It returned None instead.
2024-05-03 13:30:07,350 - ERROR - Internal Server Error: /regular_season_career_summary/
Traceback (most recent call last):
  File "C:\Users\ltruon01\Desktop\misc\NBA Companion\.venv\Lib\site-packages\django\core\handlers\exception.py", line 55, in inner
    response = get_response(request)
               ^^^^^^^^^^^^^^^^^^^^^
  File "C:\Users\ltruon01\Desktop\misc\NBA Companion\.venv\Lib\site-packages\django\core\handlers\base.py", line 204, in _get_response
    self.check_response(response, callback)
  File "C:\Users\ltruon01\Desktop\misc\NBA Companion\.venv\Lib\site-packages\django\core\handlers\base.py", line 332, in check_response
    raise ValueError(
ValueError: The view nba_app.views.regular_season didn't return an HttpResponse object. It returned None instead.
2024-05-03 13:30:09,511 - ERROR - Internal Server Error: /regular_season_career_summary/
Traceback (most recent call last):
  File "C:\Users\ltruon01\Desktop\misc\NBA Companion\.venv\Lib\site-packages\django\core\handlers\exception.py", line 55, in inner
    response = get_response(request)
               ^^^^^^^^^^^^^^^^^^^^^
  File "C:\Users\ltruon01\Desktop\misc\NBA Companion\.venv\Lib\site-packages\django\core\handlers\base.py", line 204, in _get_response
    self.check_response(response, callback)
  File "C:\Users\ltruon01\Desktop\misc\NBA Companion\.venv\Lib\site-packages\django\core\handlers\base.py", line 332, in check_response
    raise ValueError(
ValueError: The view nba_app.views.regular_season didn't return an HttpResponse object. It returned None instead.
2024-05-03 13:31:25,129 - ERROR - Internal Server Error: /regular_season_career_summary/
Traceback (most recent call last):
  File "C:\Users\ltruon01\Desktop\misc\NBA Companion\.venv\Lib\site-packages\django\core\handlers\exception.py", line 55, in inner
    response = get_response(request)
               ^^^^^^^^^^^^^^^^^^^^^
  File "C:\Users\ltruon01\Desktop\misc\NBA Companion\.venv\Lib\site-packages\django\core\handlers\base.py", line 204, in _get_response
    self.check_response(response, callback)
  File "C:\Users\ltruon01\Desktop\misc\NBA Companion\.venv\Lib\site-packages\django\core\handlers\base.py", line 332, in check_response
    raise ValueError(
ValueError: The view nba_app.views.regular_season didn't return an HttpResponse object. It returned None instead.
2024-05-03 13:34:23,447 - INFO - C:\Users\ltruon01\Desktop\misc\NBA Companion\nba_companion\nba_app\views.py changed, reloading.
2024-05-03 13:34:37,196 - INFO - C:\Users\ltruon01\Desktop\misc\NBA Companion\nba_companion\nba_app\utils.py changed, reloading.
2024-05-03 13:34:49,709 - ERROR - Unable to find player: Expecting value: line 1 column 1 (char 0)
2024-05-03 13:35:25,330 - ERROR - Unable to find player: Expecting value: line 1 column 1 (char 0)
2024-05-03 13:35:51,889 - INFO - C:\Users\ltruon01\Desktop\misc\NBA Companion\nba_companion\nba_app\views.py changed, reloading.
2024-05-03 13:35:56,382 - ERROR - Unable to find player: Expecting value: line 1 column 1 (char 0)
2024-05-03 13:37:39,500 - ERROR - Unable to find player: Expecting value: line 1 column 1 (char 0)
2024-05-03 13:37:42,499 - ERROR - Unable to find player: Expecting value: line 1 column 1 (char 0)
2024-05-03 13:38:14,263 - ERROR - Unable to find player: Expecting value: line 1 column 1 (char 0)
2024-05-03 13:38:18,859 - ERROR - Unable to find player: Expecting value: line 1 column 1 (char 0)
2024-05-03 13:38:31,237 - ERROR - Unable to find player: Expecting value: line 1 column 1 (char 0)
2024-05-03 13:38:32,997 - ERROR - Unable to find player: Expecting value: line 1 column 1 (char 0)
2024-05-03 13:39:39,460 - INFO - C:\Users\ltruon01\Desktop\misc\NBA Companion\nba_companion\nba_app\views.py changed, reloading.
2024-05-03 13:43:57,655 - INFO - C:\Users\ltruon01\Desktop\misc\NBA Companion\nba_companion\nba_app\utils.py changed, reloading.
2024-05-03 13:44:02,958 - INFO - C:\Users\ltruon01\Desktop\misc\NBA Companion\nba_companion\nba_app\utils.py changed, reloading.
2024-05-03 13:44:18,309 - INFO - C:\Users\ltruon01\Desktop\misc\NBA Companion\nba_companion\nba_app\utils.py changed, reloading.
2024-05-03 13:46:18,290 - INFO - C:\Users\ltruon01\Desktop\misc\NBA Companion\nba_companion\nba_app\views.py changed, reloading.
2024-05-03 13:48:31,374 - INFO - C:\Users\ltruon01\Desktop\misc\NBA Companion\nba_companion\nba_app\views.py changed, reloading.
2024-05-03 13:48:52,148 - INFO - C:\Users\ltruon01\Desktop\misc\NBA Companion\nba_companion\nba_app\views.py changed, reloading.
2024-05-03 13:49:03,014 - INFO - C:\Users\ltruon01\Desktop\misc\NBA Companion\nba_companion\nba_app\views.py changed, reloading.
2024-05-03 14:06:36,970 - WARNING - Not Found: /styles.css
2024-05-03 14:06:46,046 - WARNING - Not Found: /styles.css
2024-05-03 14:07:24,051 - WARNING - Not Found: /nba_app/static/css/styles.css
2024-05-03 14:07:36,512 - WARNING - Not Found: /nba_app/static/css/styles.css
2024-05-03 14:10:12,263 - WARNING - Not Found: /nba_companion/nba_app/static/css/styles.css
2024-05-03 14:10:46,317 - ERROR - Internal Server Error: /
Traceback (most recent call last):
  File "C:\Users\ltruon01\Desktop\misc\NBA Companion\.venv\Lib\site-packages\django\template\base.py", line 502, in parse
    compile_func = self.tags[command]
                   ~~~~~~~~~^^^^^^^^^
KeyError: 'static'

During handling of the above exception, another exception occurred:

Traceback (most recent call last):
  File "C:\Users\ltruon01\Desktop\misc\NBA Companion\.venv\Lib\site-packages\django\core\handlers\exception.py", line 55, in inner
    response = get_response(request)
               ^^^^^^^^^^^^^^^^^^^^^
  File "C:\Users\ltruon01\Desktop\misc\NBA Companion\.venv\Lib\site-packages\django\core\handlers\base.py", line 197, in _get_response
    response = wrapped_callback(request, *callback_args, **callback_kwargs)
               ^^^^^^^^^^^^^^^^^^^^^^^^^^^^^^^^^^^^^^^^^^^^^^^^^^^^^^^^^^^^
  File "C:\Users\ltruon01\Desktop\misc\NBA Companion\nba_companion\nba_app\views.py", line 31, in home
    return render(request, 'home.html')
           ^^^^^^^^^^^^^^^^^^^^^^^^^^^^
  File "C:\Users\ltruon01\Desktop\misc\NBA Companion\.venv\Lib\site-packages\django\shortcuts.py", line 25, in render
    content = loader.render_to_string(template_name, context, request, using=using)
              ^^^^^^^^^^^^^^^^^^^^^^^^^^^^^^^^^^^^^^^^^^^^^^^^^^^^^^^^^^^^^^^^^^^^^
  File "C:\Users\ltruon01\Desktop\misc\NBA Companion\.venv\Lib\site-packages\django\template\loader.py", line 61, in render_to_string
    template = get_template(template_name, using=using)
               ^^^^^^^^^^^^^^^^^^^^^^^^^^^^^^^^^^^^^^^^
  File "C:\Users\ltruon01\Desktop\misc\NBA Companion\.venv\Lib\site-packages\django\template\loader.py", line 15, in get_template
    return engine.get_template(template_name)
           ^^^^^^^^^^^^^^^^^^^^^^^^^^^^^^^^^^
  File "C:\Users\ltruon01\Desktop\misc\NBA Companion\.venv\Lib\site-packages\django\template\backends\django.py", line 33, in get_template
    return Template(self.engine.get_template(template_name), self)
                    ^^^^^^^^^^^^^^^^^^^^^^^^^^^^^^^^^^^^^^^
  File "C:\Users\ltruon01\Desktop\misc\NBA Companion\.venv\Lib\site-packages\django\template\engine.py", line 177, in get_template
    template, origin = self.find_template(template_name)
                       ^^^^^^^^^^^^^^^^^^^^^^^^^^^^^^^^^
  File "C:\Users\ltruon01\Desktop\misc\NBA Companion\.venv\Lib\site-packages\django\template\engine.py", line 159, in find_template
    template = loader.get_template(name, skip=skip)
               ^^^^^^^^^^^^^^^^^^^^^^^^^^^^^^^^^^^^
  File "C:\Users\ltruon01\Desktop\misc\NBA Companion\.venv\Lib\site-packages\django\template\loaders\cached.py", line 57, in get_template
    template = super().get_template(template_name, skip)
               ^^^^^^^^^^^^^^^^^^^^^^^^^^^^^^^^^^^^^^^^^
  File "C:\Users\ltruon01\Desktop\misc\NBA Companion\.venv\Lib\site-packages\django\template\loaders\base.py", line 28, in get_template
    return Template(
           ^^^^^^^^^
  File "C:\Users\ltruon01\Desktop\misc\NBA Companion\.venv\Lib\site-packages\django\template\base.py", line 154, in __init__
    self.nodelist = self.compile_nodelist()
                    ^^^^^^^^^^^^^^^^^^^^^^^
  File "C:\Users\ltruon01\Desktop\misc\NBA Companion\.venv\Lib\site-packages\django\template\base.py", line 196, in compile_nodelist
    return parser.parse()
           ^^^^^^^^^^^^^^
  File "C:\Users\ltruon01\Desktop\misc\NBA Companion\.venv\Lib\site-packages\django\template\base.py", line 504, in parse
    self.invalid_block_tag(token, command, parse_until)
  File "C:\Users\ltruon01\Desktop\misc\NBA Companion\.venv\Lib\site-packages\django\template\base.py", line 565, in invalid_block_tag
    raise self.error(
django.template.exceptions.TemplateSyntaxError: Invalid block tag on line 7: 'static'. Did you forget to register or load this tag?
2024-05-03 14:21:09,671 - INFO - Successfully loaded regular season career.
2024-05-03 14:27:54,898 - INFO - Successfully loaded regular season career.
2024-05-03 14:30:19,723 - INFO - Successfully loaded regular season career.
2024-05-03 14:32:22,886 - INFO - Successfully loaded regular season career.
2024-05-03 14:33:21,590 - INFO - Successfully loaded regular season career.
2024-05-03 14:33:25,431 - INFO - Successfully loaded regular season career.
2024-05-03 14:33:38,202 - INFO - Successfully loaded regular season career.
2024-05-03 14:34:08,986 - INFO - Successfully loaded regular season career.
2024-05-03 14:34:23,581 - INFO - Successfully loaded regular season career.
2024-05-03 14:34:39,050 - INFO - Successfully loaded regular season career.
2024-05-03 14:34:48,788 - INFO - Successfully loaded regular season career.
2024-05-03 14:35:27,432 - INFO - Successfully loaded regular season career.
2024-05-03 14:35:45,591 - INFO - Successfully loaded regular season career.
2024-05-03 14:35:47,946 - INFO - Successfully loaded regular season career.
2024-05-03 14:35:59,050 - INFO - Successfully loaded regular season career.
2024-05-03 14:37:52,339 - INFO - Successfully loaded regular season career.
2024-05-03 14:38:05,400 - INFO - Successfully loaded regular season career.
2024-05-03 14:39:39,026 - INFO - C:\Users\ltruon01\Desktop\misc\NBA Companion\nba_companion\nba_app\utils.py changed, reloading.
2024-05-03 14:39:46,694 - INFO - Successfully loaded regular season career.
2024-05-03 14:56:22,733 - INFO - Successfully loaded regular season career.
2024-05-03 15:08:40,505 - INFO - C:\Users\ltruon01\Desktop\misc\NBA Companion\nba_companion\nba_app\utils.py changed, reloading.
2024-05-03 15:09:54,785 - INFO - C:\Users\ltruon01\Desktop\misc\NBA Companion\nba_companion\nba_app\utils.py changed, reloading.
2024-05-03 15:10:05,727 - INFO - C:\Users\ltruon01\Desktop\misc\NBA Companion\nba_companion\nba_app\utils.py changed, reloading.
2024-05-03 15:11:54,960 - INFO - C:\Users\ltruon01\Desktop\misc\NBA Companion\nba_companion\nba_app\views.py changed, reloading.
2024-05-03 15:13:12,332 - ERROR - Internal Server Error: /regular_season_career_summary/
Traceback (most recent call last):
  File "C:\Users\ltruon01\Desktop\misc\NBA Companion\.venv\Lib\site-packages\django\core\handlers\exception.py", line 55, in inner
    response = get_response(request)
               ^^^^^^^^^^^^^^^^^^^^^
  File "C:\Users\ltruon01\Desktop\misc\NBA Companion\.venv\Lib\site-packages\django\core\handlers\base.py", line 197, in _get_response
    response = wrapped_callback(request, *callback_args, **callback_kwargs)
               ^^^^^^^^^^^^^^^^^^^^^^^^^^^^^^^^^^^^^^^^^^^^^^^^^^^^^^^^^^^^
  File "C:\Users\ltruon01\Desktop\misc\NBA Companion\nba_companion\nba_app\views.py", line 42, in regular_season
    totals, totals_per_season, avg_per_game, avg_per_season = get_regular_season_stats(
                                                              ^^^^^^^^^^^^^^^^^^^^^^^^^
  File "C:\Users\ltruon01\Desktop\misc\NBA Companion\nba_companion\nba_app\utils.py", line 82, in get_regular_season_stats
    totals_per_season = json.dumps(career_avg_per_season)
                        ^^^^^^^^^^^^^^^^^^^^^^^^^^^^^^^^^
  File "C:\Python311\Lib\json\__init__.py", line 231, in dumps
    return _default_encoder.encode(obj)
           ^^^^^^^^^^^^^^^^^^^^^^^^^^^^
  File "C:\Python311\Lib\json\encoder.py", line 200, in encode
    chunks = self.iterencode(o, _one_shot=True)
             ^^^^^^^^^^^^^^^^^^^^^^^^^^^^^^^^^^
  File "C:\Python311\Lib\json\encoder.py", line 258, in iterencode
    return _iterencode(o, 0)
           ^^^^^^^^^^^^^^^^^
  File "C:\Python311\Lib\json\encoder.py", line 180, in default
    raise TypeError(f'Object of type {o.__class__.__name__} '
TypeError: Object of type DataFrame is not JSON serializable
2024-05-03 15:14:24,277 - INFO - C:\Users\ltruon01\Desktop\misc\NBA Companion\nba_companion\nba_app\utils.py changed, reloading.
2024-05-03 15:15:01,109 - INFO - C:\Users\ltruon01\Desktop\misc\NBA Companion\nba_companion\nba_app\utils.py changed, reloading.
2024-05-03 15:15:07,112 - INFO - Successfully loaded regular season career.
2024-05-03 15:16:29,009 - INFO - C:\Users\ltruon01\Desktop\misc\NBA Companion\nba_companion\nba_app\utils.py changed, reloading.
2024-05-03 15:18:44,299 - INFO - Successfully loaded regular season career.
2024-05-03 15:19:53,626 - INFO - Successfully loaded regular season career.
2024-05-03 15:20:20,362 - INFO - Successfully loaded regular season career.
2024-05-03 15:20:31,471 - INFO - Successfully loaded regular season career.
2024-05-03 15:20:37,962 - INFO - Successfully loaded regular season career.
2024-05-03 15:20:44,799 - INFO - Successfully loaded regular season career.
2024-05-03 15:20:52,298 - INFO - Successfully loaded regular season career.
2024-05-03 15:20:59,224 - INFO - Successfully loaded regular season career.
2024-05-03 15:21:12,634 - INFO - Successfully loaded regular season career.
2024-05-03 15:21:20,100 - INFO - Successfully loaded regular season career.
2024-05-03 15:21:38,592 - INFO - Successfully loaded regular season career.
2024-05-03 15:22:11,771 - INFO - Successfully loaded regular season career.
2024-05-03 15:22:16,357 - INFO - Successfully loaded regular season career.
2024-05-03 15:22:36,148 - INFO - Successfully loaded regular season career.
2024-05-03 15:23:03,434 - INFO - Successfully loaded regular season career.
2024-05-03 15:23:12,445 - INFO - Successfully loaded regular season career.
2024-05-03 15:27:54,231 - INFO - Successfully loaded regular season career.
2024-05-03 15:29:28,000 - INFO - Successfully loaded regular season career.
2024-05-03 15:29:54,109 - INFO - Successfully loaded regular season career.
2024-05-03 15:39:15,009 - INFO - Successfully loaded regular season career.
2024-05-03 15:49:45,531 - INFO - Successfully loaded regular season career.
2024-05-03 15:50:07,429 - INFO - Successfully loaded regular season career.
2024-05-03 15:52:41,253 - INFO - Successfully loaded regular season career.
2024-05-03 15:54:46,294 - INFO - Successfully loaded regular season career.
2024-05-03 15:55:03,594 - INFO - Successfully loaded regular season career.
2024-05-03 15:55:21,199 - INFO - Successfully loaded regular season career.
2024-05-03 15:56:51,571 - INFO - Successfully loaded regular season career.
2024-05-03 15:57:00,764 - INFO - Successfully loaded regular season career.
2024-05-03 15:57:06,872 - INFO - Successfully loaded regular season career.
2024-05-03 15:57:38,788 - INFO - Successfully loaded regular season career.
2024-05-03 15:57:40,690 - INFO - Successfully loaded regular season career.
2024-05-03 15:58:03,664 - INFO - Successfully loaded regular season career.
2024-05-03 15:58:04,826 - INFO - Successfully loaded regular season career.
2024-05-03 15:58:05,420 - INFO - Successfully loaded regular season career.
2024-05-03 15:58:06,135 - WARNING - Not Found: /favicon.ico
2024-05-03 15:58:41,198 - INFO - Successfully loaded regular season career.
2024-05-03 15:58:44,179 - INFO - Successfully loaded regular season career.
2024-05-03 15:58:49,700 - INFO - Successfully loaded regular season career.
2024-05-03 15:58:50,887 - INFO - Successfully loaded regular season career.
2024-05-03 16:00:02,200 - INFO - Successfully loaded regular season career.
2024-05-03 16:00:21,782 - INFO - Successfully loaded regular season career.
2024-05-03 16:02:44,361 - INFO - Successfully loaded regular season career.
2024-05-03 16:02:52,266 - INFO - Successfully loaded regular season career.
2024-05-03 16:02:54,937 - INFO - Successfully loaded regular season career.
2024-05-03 16:03:23,526 - INFO - Successfully loaded regular season career.
2024-05-03 16:03:24,956 - INFO - Successfully loaded regular season career.
2024-05-03 16:03:35,734 - INFO - Successfully loaded regular season career.
2024-05-03 16:04:08,183 - INFO - Successfully loaded regular season career.
2024-05-03 16:04:12,195 - INFO - Successfully loaded regular season career.
2024-05-03 16:04:21,689 - INFO - Successfully loaded regular season career.
2024-05-03 16:04:23,035 - INFO - Successfully loaded regular season career.
2024-05-03 16:04:28,061 - INFO - Successfully loaded regular season career.
2024-05-03 16:06:38,152 - INFO - Successfully loaded regular season career.
2024-05-03 16:06:38,320 - ERROR - Internal Server Error: /regular_season_career_summary/
Traceback (most recent call last):
  File "C:\Users\ltruon01\Desktop\misc\NBA Companion\.venv\Lib\site-packages\django\template\smartif.py", line 180, in translate_token
    op = OPERATORS[token]
         ~~~~~~~~~^^^^^^^
KeyError: '='

During handling of the above exception, another exception occurred:

Traceback (most recent call last):
  File "C:\Users\ltruon01\Desktop\misc\NBA Companion\.venv\Lib\site-packages\django\core\handlers\exception.py", line 55, in inner
    response = get_response(request)
               ^^^^^^^^^^^^^^^^^^^^^
  File "C:\Users\ltruon01\Desktop\misc\NBA Companion\.venv\Lib\site-packages\django\core\handlers\base.py", line 197, in _get_response
    response = wrapped_callback(request, *callback_args, **callback_kwargs)
               ^^^^^^^^^^^^^^^^^^^^^^^^^^^^^^^^^^^^^^^^^^^^^^^^^^^^^^^^^^^^
  File "C:\Users\ltruon01\Desktop\misc\NBA Companion\nba_companion\nba_app\views.py", line 48, in regular_season
    return render(request, 'player_stats.html',
           ^^^^^^^^^^^^^^^^^^^^^^^^^^^^^^^^^^^^
  File "C:\Users\ltruon01\Desktop\misc\NBA Companion\.venv\Lib\site-packages\django\shortcuts.py", line 25, in render
    content = loader.render_to_string(template_name, context, request, using=using)
              ^^^^^^^^^^^^^^^^^^^^^^^^^^^^^^^^^^^^^^^^^^^^^^^^^^^^^^^^^^^^^^^^^^^^^
  File "C:\Users\ltruon01\Desktop\misc\NBA Companion\.venv\Lib\site-packages\django\template\loader.py", line 61, in render_to_string
    template = get_template(template_name, using=using)
               ^^^^^^^^^^^^^^^^^^^^^^^^^^^^^^^^^^^^^^^^
  File "C:\Users\ltruon01\Desktop\misc\NBA Companion\.venv\Lib\site-packages\django\template\loader.py", line 15, in get_template
    return engine.get_template(template_name)
           ^^^^^^^^^^^^^^^^^^^^^^^^^^^^^^^^^^
  File "C:\Users\ltruon01\Desktop\misc\NBA Companion\.venv\Lib\site-packages\django\template\backends\django.py", line 33, in get_template
    return Template(self.engine.get_template(template_name), self)
                    ^^^^^^^^^^^^^^^^^^^^^^^^^^^^^^^^^^^^^^^
  File "C:\Users\ltruon01\Desktop\misc\NBA Companion\.venv\Lib\site-packages\django\template\engine.py", line 177, in get_template
    template, origin = self.find_template(template_name)
                       ^^^^^^^^^^^^^^^^^^^^^^^^^^^^^^^^^
  File "C:\Users\ltruon01\Desktop\misc\NBA Companion\.venv\Lib\site-packages\django\template\engine.py", line 159, in find_template
    template = loader.get_template(name, skip=skip)
               ^^^^^^^^^^^^^^^^^^^^^^^^^^^^^^^^^^^^
  File "C:\Users\ltruon01\Desktop\misc\NBA Companion\.venv\Lib\site-packages\django\template\loaders\cached.py", line 57, in get_template
    template = super().get_template(template_name, skip)
               ^^^^^^^^^^^^^^^^^^^^^^^^^^^^^^^^^^^^^^^^^
  File "C:\Users\ltruon01\Desktop\misc\NBA Companion\.venv\Lib\site-packages\django\template\loaders\base.py", line 28, in get_template
    return Template(
           ^^^^^^^^^
  File "C:\Users\ltruon01\Desktop\misc\NBA Companion\.venv\Lib\site-packages\django\template\base.py", line 154, in __init__
    self.nodelist = self.compile_nodelist()
                    ^^^^^^^^^^^^^^^^^^^^^^^
  File "C:\Users\ltruon01\Desktop\misc\NBA Companion\.venv\Lib\site-packages\django\template\base.py", line 196, in compile_nodelist
    return parser.parse()
           ^^^^^^^^^^^^^^
  File "C:\Users\ltruon01\Desktop\misc\NBA Companion\.venv\Lib\site-packages\django\template\base.py", line 510, in parse
    raise self.error(token, e)
  File "C:\Users\ltruon01\Desktop\misc\NBA Companion\.venv\Lib\site-packages\django\template\base.py", line 508, in parse
    compiled_result = compile_func(self, token)
                      ^^^^^^^^^^^^^^^^^^^^^^^^^
  File "C:\Users\ltruon01\Desktop\misc\NBA Companion\.venv\Lib\site-packages\django\template\defaulttags.py", line 960, in do_if
    condition = TemplateIfParser(parser, bits).parse()
                ^^^^^^^^^^^^^^^^^^^^^^^^^^^^^^
  File "C:\Users\ltruon01\Desktop\misc\NBA Companion\.venv\Lib\site-packages\django\template\defaulttags.py", line 893, in __init__
    super().__init__(*args, **kwargs)
  File "C:\Users\ltruon01\Desktop\misc\NBA Companion\.venv\Lib\site-packages\django\template\smartif.py", line 171, in __init__
    mapped_tokens.append(self.translate_token(token))
                         ^^^^^^^^^^^^^^^^^^^^^^^^^^^
  File "C:\Users\ltruon01\Desktop\misc\NBA Companion\.venv\Lib\site-packages\django\template\smartif.py", line 182, in translate_token
    return self.create_var(token)
           ^^^^^^^^^^^^^^^^^^^^^^
  File "C:\Users\ltruon01\Desktop\misc\NBA Companion\.venv\Lib\site-packages\django\template\defaulttags.py", line 896, in create_var
    return TemplateLiteral(self.template_parser.compile_filter(value), value)
                           ^^^^^^^^^^^^^^^^^^^^^^^^^^^^^^^^^^^^^^^^^^
  File "C:\Users\ltruon01\Desktop\misc\NBA Companion\.venv\Lib\site-packages\django\template\base.py", line 597, in compile_filter
    return FilterExpression(token, self)
           ^^^^^^^^^^^^^^^^^^^^^^^^^^^^^
  File "C:\Users\ltruon01\Desktop\misc\NBA Companion\.venv\Lib\site-packages\django\template\base.py", line 698, in __init__
    raise TemplateSyntaxError(
django.template.exceptions.TemplateSyntaxError: Could not parse the remainder: '=' from '='
2024-05-03 16:06:55,464 - INFO - Successfully loaded regular season career.
2024-05-03 16:06:57,629 - INFO - Successfully loaded regular season career.
2024-05-03 16:06:58,140 - INFO - Successfully loaded regular season career.
2024-05-03 16:06:59,319 - INFO - Successfully loaded regular season career.
2024-05-03 16:07:01,023 - INFO - Successfully loaded regular season career.
2024-05-03 16:07:04,352 - INFO - Successfully loaded regular season career.
2024-05-03 16:07:05,768 - INFO - Successfully loaded regular season career.
2024-05-03 16:07:09,658 - INFO - Successfully loaded regular season career.
2024-05-03 16:07:14,241 - INFO - Successfully loaded regular season career.
2024-05-03 16:07:48,597 - INFO - Successfully loaded regular season career.
2024-05-03 16:07:50,028 - INFO - Successfully loaded regular season career.
2024-05-03 16:07:54,959 - INFO - Successfully loaded regular season career.
2024-05-03 16:08:03,827 - INFO - Successfully loaded regular season career.
2024-05-03 16:08:06,769 - INFO - Successfully loaded regular season career.
2024-05-03 16:08:09,435 - INFO - Successfully loaded regular season career.
2024-05-03 16:08:10,472 - INFO - Successfully loaded regular season career.
2024-05-03 16:08:11,675 - INFO - Successfully loaded regular season career.
2024-05-03 16:08:12,843 - INFO - Successfully loaded regular season career.
2024-05-03 16:08:13,853 - INFO - Successfully loaded regular season career.
2024-05-03 16:08:44,068 - INFO - Successfully loaded regular season career.
2024-05-03 16:08:45,247 - INFO - Successfully loaded regular season career.
2024-05-03 16:08:47,686 - INFO - Successfully loaded regular season career.
2024-05-03 16:08:48,806 - INFO - Successfully loaded regular season career.
2024-05-03 16:08:53,175 - INFO - Successfully loaded regular season career.
2024-05-03 16:09:21,104 - INFO - Successfully loaded regular season career.
2024-05-03 16:09:23,105 - INFO - Successfully loaded regular season career.
2024-05-03 16:09:33,403 - INFO - Successfully loaded regular season career.
2024-05-03 16:11:09,519 - INFO - C:\Users\ltruon01\Desktop\misc\NBA Companion\nba_companion\nba_app\views.py changed, reloading.
2024-05-03 16:11:27,890 - INFO - Successfully loaded regular season career.
2024-05-03 16:11:31,329 - INFO - Successfully loaded regular season career.
2024-05-03 16:11:34,232 - INFO - Successfully loaded regular season career.
2024-05-03 16:11:38,648 - INFO - Successfully loaded regular season career.
2024-05-03 16:11:53,692 - INFO - Successfully loaded regular season career.
2024-05-03 16:11:55,878 - INFO - Successfully loaded regular season career.
2024-05-03 16:12:07,598 - INFO - Successfully loaded regular season career.
2024-05-03 16:12:09,731 - INFO - Successfully loaded regular season career.
2024-05-03 16:12:38,510 - INFO - C:\Users\ltruon01\Desktop\misc\NBA Companion\nba_companion\nba_app\views.py changed, reloading.
2024-05-03 16:12:42,647 - INFO - Successfully loaded regular season career.
2024-05-03 16:12:45,541 - INFO - Successfully loaded regular season career.
2024-05-03 16:14:12,823 - INFO - Successfully loaded regular season career.
2024-05-03 16:14:34,221 - INFO - Successfully loaded regular season career.
2024-05-03 16:19:12,736 - INFO - C:\Users\ltruon01\Desktop\misc\NBA Companion\nba_companion\nba_app\views.py changed, reloading.
2024-05-03 16:20:07,351 - INFO - Successfully loaded regular season career.
2024-05-03 16:20:14,665 - INFO - Successfully loaded regular season career.
2024-05-03 16:20:18,050 - INFO - Successfully loaded regular season career.
2024-05-03 16:20:19,315 - INFO - Successfully loaded regular season career.
2024-05-03 16:20:21,622 - INFO - Successfully loaded regular season career.
2024-05-03 16:20:22,611 - INFO - Successfully loaded regular season career.
2024-05-03 16:23:21,142 - INFO - Successfully loaded regular season career.
2024-05-03 16:23:21,363 - ERROR - Internal Server Error: /regular_season_career_summary/
Traceback (most recent call last):
  File "C:\Users\ltruon01\Desktop\misc\NBA Companion\.venv\Lib\site-packages\django\core\handlers\exception.py", line 55, in inner
    response = get_response(request)
               ^^^^^^^^^^^^^^^^^^^^^
  File "C:\Users\ltruon01\Desktop\misc\NBA Companion\.venv\Lib\site-packages\django\core\handlers\base.py", line 197, in _get_response
    response = wrapped_callback(request, *callback_args, **callback_kwargs)
               ^^^^^^^^^^^^^^^^^^^^^^^^^^^^^^^^^^^^^^^^^^^^^^^^^^^^^^^^^^^^
  File "C:\Users\ltruon01\Desktop\misc\NBA Companion\nba_companion\nba_app\views.py", line 52, in regular_season
    return render(request, 'player_stats.html',
           ^^^^^^^^^^^^^^^^^^^^^^^^^^^^^^^^^^^^
  File "C:\Users\ltruon01\Desktop\misc\NBA Companion\.venv\Lib\site-packages\django\shortcuts.py", line 25, in render
    content = loader.render_to_string(template_name, context, request, using=using)
              ^^^^^^^^^^^^^^^^^^^^^^^^^^^^^^^^^^^^^^^^^^^^^^^^^^^^^^^^^^^^^^^^^^^^^
  File "C:\Users\ltruon01\Desktop\misc\NBA Companion\.venv\Lib\site-packages\django\template\loader.py", line 61, in render_to_string
    template = get_template(template_name, using=using)
               ^^^^^^^^^^^^^^^^^^^^^^^^^^^^^^^^^^^^^^^^
  File "C:\Users\ltruon01\Desktop\misc\NBA Companion\.venv\Lib\site-packages\django\template\loader.py", line 15, in get_template
    return engine.get_template(template_name)
           ^^^^^^^^^^^^^^^^^^^^^^^^^^^^^^^^^^
  File "C:\Users\ltruon01\Desktop\misc\NBA Companion\.venv\Lib\site-packages\django\template\backends\django.py", line 33, in get_template
    return Template(self.engine.get_template(template_name), self)
                    ^^^^^^^^^^^^^^^^^^^^^^^^^^^^^^^^^^^^^^^
  File "C:\Users\ltruon01\Desktop\misc\NBA Companion\.venv\Lib\site-packages\django\template\engine.py", line 177, in get_template
    template, origin = self.find_template(template_name)
                       ^^^^^^^^^^^^^^^^^^^^^^^^^^^^^^^^^
  File "C:\Users\ltruon01\Desktop\misc\NBA Companion\.venv\Lib\site-packages\django\template\engine.py", line 159, in find_template
    template = loader.get_template(name, skip=skip)
               ^^^^^^^^^^^^^^^^^^^^^^^^^^^^^^^^^^^^
  File "C:\Users\ltruon01\Desktop\misc\NBA Companion\.venv\Lib\site-packages\django\template\loaders\cached.py", line 57, in get_template
    template = super().get_template(template_name, skip)
               ^^^^^^^^^^^^^^^^^^^^^^^^^^^^^^^^^^^^^^^^^
  File "C:\Users\ltruon01\Desktop\misc\NBA Companion\.venv\Lib\site-packages\django\template\loaders\base.py", line 28, in get_template
    return Template(
           ^^^^^^^^^
  File "C:\Users\ltruon01\Desktop\misc\NBA Companion\.venv\Lib\site-packages\django\template\base.py", line 154, in __init__
    self.nodelist = self.compile_nodelist()
                    ^^^^^^^^^^^^^^^^^^^^^^^
  File "C:\Users\ltruon01\Desktop\misc\NBA Companion\.venv\Lib\site-packages\django\template\base.py", line 196, in compile_nodelist
    return parser.parse()
           ^^^^^^^^^^^^^^
  File "C:\Users\ltruon01\Desktop\misc\NBA Companion\.venv\Lib\site-packages\django\template\base.py", line 510, in parse
    raise self.error(token, e)
  File "C:\Users\ltruon01\Desktop\misc\NBA Companion\.venv\Lib\site-packages\django\template\base.py", line 508, in parse
    compiled_result = compile_func(self, token)
                      ^^^^^^^^^^^^^^^^^^^^^^^^^
  File "C:\Users\ltruon01\Desktop\misc\NBA Companion\.venv\Lib\site-packages\django\template\defaulttags.py", line 961, in do_if
    nodelist = parser.parse(("elif", "else", "endif"))
               ^^^^^^^^^^^^^^^^^^^^^^^^^^^^^^^^^^^^^^^
  File "C:\Users\ltruon01\Desktop\misc\NBA Companion\.venv\Lib\site-packages\django\template\base.py", line 510, in parse
    raise self.error(token, e)
  File "C:\Users\ltruon01\Desktop\misc\NBA Companion\.venv\Lib\site-packages\django\template\base.py", line 508, in parse
    compiled_result = compile_func(self, token)
                      ^^^^^^^^^^^^^^^^^^^^^^^^^
  File "C:\Users\ltruon01\Desktop\misc\NBA Companion\.venv\Lib\site-packages\django\template\defaulttags.py", line 975, in do_if
    nodelist = parser.parse(("endif",))
               ^^^^^^^^^^^^^^^^^^^^^^^^
  File "C:\Users\ltruon01\Desktop\misc\NBA Companion\.venv\Lib\site-packages\django\template\base.py", line 515, in parse
    self.unclosed_block_tag(parse_until)
  File "C:\Users\ltruon01\Desktop\misc\NBA Companion\.venv\Lib\site-packages\django\template\base.py", line 578, in unclosed_block_tag
    raise self.error(token, msg)
django.template.exceptions.TemplateSyntaxError: Unclosed tag on line 189: 'if'. Looking for one of: endif.
2024-05-03 16:23:47,574 - INFO - Successfully loaded regular season career.
2024-05-03 16:23:47,632 - ERROR - Internal Server Error: /regular_season_career_summary/
Traceback (most recent call last):
  File "C:\Users\ltruon01\Desktop\misc\NBA Companion\.venv\Lib\site-packages\django\template\smartif.py", line 180, in translate_token
    op = OPERATORS[token]
         ~~~~~~~~~^^^^^^^
KeyError: '='

During handling of the above exception, another exception occurred:

Traceback (most recent call last):
  File "C:\Users\ltruon01\Desktop\misc\NBA Companion\.venv\Lib\site-packages\django\core\handlers\exception.py", line 55, in inner
    response = get_response(request)
               ^^^^^^^^^^^^^^^^^^^^^
  File "C:\Users\ltruon01\Desktop\misc\NBA Companion\.venv\Lib\site-packages\django\core\handlers\base.py", line 197, in _get_response
    response = wrapped_callback(request, *callback_args, **callback_kwargs)
               ^^^^^^^^^^^^^^^^^^^^^^^^^^^^^^^^^^^^^^^^^^^^^^^^^^^^^^^^^^^^
  File "C:\Users\ltruon01\Desktop\misc\NBA Companion\nba_companion\nba_app\views.py", line 52, in regular_season
    return render(request, 'player_stats.html',
           ^^^^^^^^^^^^^^^^^^^^^^^^^^^^^^^^^^^^
  File "C:\Users\ltruon01\Desktop\misc\NBA Companion\.venv\Lib\site-packages\django\shortcuts.py", line 25, in render
    content = loader.render_to_string(template_name, context, request, using=using)
              ^^^^^^^^^^^^^^^^^^^^^^^^^^^^^^^^^^^^^^^^^^^^^^^^^^^^^^^^^^^^^^^^^^^^^
  File "C:\Users\ltruon01\Desktop\misc\NBA Companion\.venv\Lib\site-packages\django\template\loader.py", line 61, in render_to_string
    template = get_template(template_name, using=using)
               ^^^^^^^^^^^^^^^^^^^^^^^^^^^^^^^^^^^^^^^^
  File "C:\Users\ltruon01\Desktop\misc\NBA Companion\.venv\Lib\site-packages\django\template\loader.py", line 15, in get_template
    return engine.get_template(template_name)
           ^^^^^^^^^^^^^^^^^^^^^^^^^^^^^^^^^^
  File "C:\Users\ltruon01\Desktop\misc\NBA Companion\.venv\Lib\site-packages\django\template\backends\django.py", line 33, in get_template
    return Template(self.engine.get_template(template_name), self)
                    ^^^^^^^^^^^^^^^^^^^^^^^^^^^^^^^^^^^^^^^
  File "C:\Users\ltruon01\Desktop\misc\NBA Companion\.venv\Lib\site-packages\django\template\engine.py", line 177, in get_template
    template, origin = self.find_template(template_name)
                       ^^^^^^^^^^^^^^^^^^^^^^^^^^^^^^^^^
  File "C:\Users\ltruon01\Desktop\misc\NBA Companion\.venv\Lib\site-packages\django\template\engine.py", line 159, in find_template
    template = loader.get_template(name, skip=skip)
               ^^^^^^^^^^^^^^^^^^^^^^^^^^^^^^^^^^^^
  File "C:\Users\ltruon01\Desktop\misc\NBA Companion\.venv\Lib\site-packages\django\template\loaders\cached.py", line 57, in get_template
    template = super().get_template(template_name, skip)
               ^^^^^^^^^^^^^^^^^^^^^^^^^^^^^^^^^^^^^^^^^
  File "C:\Users\ltruon01\Desktop\misc\NBA Companion\.venv\Lib\site-packages\django\template\loaders\base.py", line 28, in get_template
    return Template(
           ^^^^^^^^^
  File "C:\Users\ltruon01\Desktop\misc\NBA Companion\.venv\Lib\site-packages\django\template\base.py", line 154, in __init__
    self.nodelist = self.compile_nodelist()
                    ^^^^^^^^^^^^^^^^^^^^^^^
  File "C:\Users\ltruon01\Desktop\misc\NBA Companion\.venv\Lib\site-packages\django\template\base.py", line 196, in compile_nodelist
    return parser.parse()
           ^^^^^^^^^^^^^^
  File "C:\Users\ltruon01\Desktop\misc\NBA Companion\.venv\Lib\site-packages\django\template\base.py", line 510, in parse
    raise self.error(token, e)
  File "C:\Users\ltruon01\Desktop\misc\NBA Companion\.venv\Lib\site-packages\django\template\base.py", line 508, in parse
    compiled_result = compile_func(self, token)
                      ^^^^^^^^^^^^^^^^^^^^^^^^^
  File "C:\Users\ltruon01\Desktop\misc\NBA Companion\.venv\Lib\site-packages\django\template\defaulttags.py", line 960, in do_if
    condition = TemplateIfParser(parser, bits).parse()
                ^^^^^^^^^^^^^^^^^^^^^^^^^^^^^^
  File "C:\Users\ltruon01\Desktop\misc\NBA Companion\.venv\Lib\site-packages\django\template\defaulttags.py", line 893, in __init__
    super().__init__(*args, **kwargs)
  File "C:\Users\ltruon01\Desktop\misc\NBA Companion\.venv\Lib\site-packages\django\template\smartif.py", line 171, in __init__
    mapped_tokens.append(self.translate_token(token))
                         ^^^^^^^^^^^^^^^^^^^^^^^^^^^
  File "C:\Users\ltruon01\Desktop\misc\NBA Companion\.venv\Lib\site-packages\django\template\smartif.py", line 182, in translate_token
    return self.create_var(token)
           ^^^^^^^^^^^^^^^^^^^^^^
  File "C:\Users\ltruon01\Desktop\misc\NBA Companion\.venv\Lib\site-packages\django\template\defaulttags.py", line 896, in create_var
    return TemplateLiteral(self.template_parser.compile_filter(value), value)
                           ^^^^^^^^^^^^^^^^^^^^^^^^^^^^^^^^^^^^^^^^^^
  File "C:\Users\ltruon01\Desktop\misc\NBA Companion\.venv\Lib\site-packages\django\template\base.py", line 597, in compile_filter
    return FilterExpression(token, self)
           ^^^^^^^^^^^^^^^^^^^^^^^^^^^^^
  File "C:\Users\ltruon01\Desktop\misc\NBA Companion\.venv\Lib\site-packages\django\template\base.py", line 698, in __init__
    raise TemplateSyntaxError(
django.template.exceptions.TemplateSyntaxError: Could not parse the remainder: '=' from '='
2024-05-03 16:24:05,394 - INFO - Successfully loaded regular season career.
2024-05-03 16:24:05,447 - ERROR - Internal Server Error: /regular_season_career_summary/
Traceback (most recent call last):
  File "C:\Users\ltruon01\Desktop\misc\NBA Companion\.venv\Lib\site-packages\django\core\handlers\exception.py", line 55, in inner
    response = get_response(request)
               ^^^^^^^^^^^^^^^^^^^^^
  File "C:\Users\ltruon01\Desktop\misc\NBA Companion\.venv\Lib\site-packages\django\core\handlers\base.py", line 197, in _get_response
    response = wrapped_callback(request, *callback_args, **callback_kwargs)
               ^^^^^^^^^^^^^^^^^^^^^^^^^^^^^^^^^^^^^^^^^^^^^^^^^^^^^^^^^^^^
  File "C:\Users\ltruon01\Desktop\misc\NBA Companion\nba_companion\nba_app\views.py", line 52, in regular_season
    return render(request, 'player_stats.html',
           ^^^^^^^^^^^^^^^^^^^^^^^^^^^^^^^^^^^^
  File "C:\Users\ltruon01\Desktop\misc\NBA Companion\.venv\Lib\site-packages\django\shortcuts.py", line 25, in render
    content = loader.render_to_string(template_name, context, request, using=using)
              ^^^^^^^^^^^^^^^^^^^^^^^^^^^^^^^^^^^^^^^^^^^^^^^^^^^^^^^^^^^^^^^^^^^^^
  File "C:\Users\ltruon01\Desktop\misc\NBA Companion\.venv\Lib\site-packages\django\template\loader.py", line 61, in render_to_string
    template = get_template(template_name, using=using)
               ^^^^^^^^^^^^^^^^^^^^^^^^^^^^^^^^^^^^^^^^
  File "C:\Users\ltruon01\Desktop\misc\NBA Companion\.venv\Lib\site-packages\django\template\loader.py", line 15, in get_template
    return engine.get_template(template_name)
           ^^^^^^^^^^^^^^^^^^^^^^^^^^^^^^^^^^
  File "C:\Users\ltruon01\Desktop\misc\NBA Companion\.venv\Lib\site-packages\django\template\backends\django.py", line 33, in get_template
    return Template(self.engine.get_template(template_name), self)
                    ^^^^^^^^^^^^^^^^^^^^^^^^^^^^^^^^^^^^^^^
  File "C:\Users\ltruon01\Desktop\misc\NBA Companion\.venv\Lib\site-packages\django\template\engine.py", line 177, in get_template
    template, origin = self.find_template(template_name)
                       ^^^^^^^^^^^^^^^^^^^^^^^^^^^^^^^^^
  File "C:\Users\ltruon01\Desktop\misc\NBA Companion\.venv\Lib\site-packages\django\template\engine.py", line 159, in find_template
    template = loader.get_template(name, skip=skip)
               ^^^^^^^^^^^^^^^^^^^^^^^^^^^^^^^^^^^^
  File "C:\Users\ltruon01\Desktop\misc\NBA Companion\.venv\Lib\site-packages\django\template\loaders\cached.py", line 57, in get_template
    template = super().get_template(template_name, skip)
               ^^^^^^^^^^^^^^^^^^^^^^^^^^^^^^^^^^^^^^^^^
  File "C:\Users\ltruon01\Desktop\misc\NBA Companion\.venv\Lib\site-packages\django\template\loaders\base.py", line 28, in get_template
    return Template(
           ^^^^^^^^^
  File "C:\Users\ltruon01\Desktop\misc\NBA Companion\.venv\Lib\site-packages\django\template\base.py", line 154, in __init__
    self.nodelist = self.compile_nodelist()
                    ^^^^^^^^^^^^^^^^^^^^^^^
  File "C:\Users\ltruon01\Desktop\misc\NBA Companion\.venv\Lib\site-packages\django\template\base.py", line 196, in compile_nodelist
    return parser.parse()
           ^^^^^^^^^^^^^^
  File "C:\Users\ltruon01\Desktop\misc\NBA Companion\.venv\Lib\site-packages\django\template\base.py", line 510, in parse
    raise self.error(token, e)
  File "C:\Users\ltruon01\Desktop\misc\NBA Companion\.venv\Lib\site-packages\django\template\base.py", line 508, in parse
    compiled_result = compile_func(self, token)
                      ^^^^^^^^^^^^^^^^^^^^^^^^^
  File "C:\Users\ltruon01\Desktop\misc\NBA Companion\.venv\Lib\site-packages\django\template\defaulttags.py", line 961, in do_if
    nodelist = parser.parse(("elif", "else", "endif"))
               ^^^^^^^^^^^^^^^^^^^^^^^^^^^^^^^^^^^^^^^
  File "C:\Users\ltruon01\Desktop\misc\NBA Companion\.venv\Lib\site-packages\django\template\base.py", line 510, in parse
    raise self.error(token, e)
  File "C:\Users\ltruon01\Desktop\misc\NBA Companion\.venv\Lib\site-packages\django\template\base.py", line 508, in parse
    compiled_result = compile_func(self, token)
                      ^^^^^^^^^^^^^^^^^^^^^^^^^
  File "C:\Users\ltruon01\Desktop\misc\NBA Companion\.venv\Lib\site-packages\django\template\defaulttags.py", line 975, in do_if
    nodelist = parser.parse(("endif",))
               ^^^^^^^^^^^^^^^^^^^^^^^^
  File "C:\Users\ltruon01\Desktop\misc\NBA Companion\.venv\Lib\site-packages\django\template\base.py", line 515, in parse
    self.unclosed_block_tag(parse_until)
  File "C:\Users\ltruon01\Desktop\misc\NBA Companion\.venv\Lib\site-packages\django\template\base.py", line 578, in unclosed_block_tag
    raise self.error(token, msg)
django.template.exceptions.TemplateSyntaxError: Unclosed tag on line 189: 'if'. Looking for one of: endif.
2024-05-03 16:24:22,211 - INFO - Successfully loaded regular season career.
2024-05-03 16:24:22,254 - ERROR - Internal Server Error: /regular_season_career_summary/
Traceback (most recent call last):
  File "C:\Users\ltruon01\Desktop\misc\NBA Companion\.venv\Lib\site-packages\django\core\handlers\exception.py", line 55, in inner
    response = get_response(request)
               ^^^^^^^^^^^^^^^^^^^^^
  File "C:\Users\ltruon01\Desktop\misc\NBA Companion\.venv\Lib\site-packages\django\core\handlers\base.py", line 197, in _get_response
    response = wrapped_callback(request, *callback_args, **callback_kwargs)
               ^^^^^^^^^^^^^^^^^^^^^^^^^^^^^^^^^^^^^^^^^^^^^^^^^^^^^^^^^^^^
  File "C:\Users\ltruon01\Desktop\misc\NBA Companion\nba_companion\nba_app\views.py", line 52, in regular_season
    return render(request, 'player_stats.html',
           ^^^^^^^^^^^^^^^^^^^^^^^^^^^^^^^^^^^^
  File "C:\Users\ltruon01\Desktop\misc\NBA Companion\.venv\Lib\site-packages\django\shortcuts.py", line 25, in render
    content = loader.render_to_string(template_name, context, request, using=using)
              ^^^^^^^^^^^^^^^^^^^^^^^^^^^^^^^^^^^^^^^^^^^^^^^^^^^^^^^^^^^^^^^^^^^^^
  File "C:\Users\ltruon01\Desktop\misc\NBA Companion\.venv\Lib\site-packages\django\template\loader.py", line 61, in render_to_string
    template = get_template(template_name, using=using)
               ^^^^^^^^^^^^^^^^^^^^^^^^^^^^^^^^^^^^^^^^
  File "C:\Users\ltruon01\Desktop\misc\NBA Companion\.venv\Lib\site-packages\django\template\loader.py", line 15, in get_template
    return engine.get_template(template_name)
           ^^^^^^^^^^^^^^^^^^^^^^^^^^^^^^^^^^
  File "C:\Users\ltruon01\Desktop\misc\NBA Companion\.venv\Lib\site-packages\django\template\backends\django.py", line 33, in get_template
    return Template(self.engine.get_template(template_name), self)
                    ^^^^^^^^^^^^^^^^^^^^^^^^^^^^^^^^^^^^^^^
  File "C:\Users\ltruon01\Desktop\misc\NBA Companion\.venv\Lib\site-packages\django\template\engine.py", line 177, in get_template
    template, origin = self.find_template(template_name)
                       ^^^^^^^^^^^^^^^^^^^^^^^^^^^^^^^^^
  File "C:\Users\ltruon01\Desktop\misc\NBA Companion\.venv\Lib\site-packages\django\template\engine.py", line 159, in find_template
    template = loader.get_template(name, skip=skip)
               ^^^^^^^^^^^^^^^^^^^^^^^^^^^^^^^^^^^^
  File "C:\Users\ltruon01\Desktop\misc\NBA Companion\.venv\Lib\site-packages\django\template\loaders\cached.py", line 57, in get_template
    template = super().get_template(template_name, skip)
               ^^^^^^^^^^^^^^^^^^^^^^^^^^^^^^^^^^^^^^^^^
  File "C:\Users\ltruon01\Desktop\misc\NBA Companion\.venv\Lib\site-packages\django\template\loaders\base.py", line 28, in get_template
    return Template(
           ^^^^^^^^^
  File "C:\Users\ltruon01\Desktop\misc\NBA Companion\.venv\Lib\site-packages\django\template\base.py", line 154, in __init__
    self.nodelist = self.compile_nodelist()
                    ^^^^^^^^^^^^^^^^^^^^^^^
  File "C:\Users\ltruon01\Desktop\misc\NBA Companion\.venv\Lib\site-packages\django\template\base.py", line 196, in compile_nodelist
    return parser.parse()
           ^^^^^^^^^^^^^^
  File "C:\Users\ltruon01\Desktop\misc\NBA Companion\.venv\Lib\site-packages\django\template\base.py", line 510, in parse
    raise self.error(token, e)
  File "C:\Users\ltruon01\Desktop\misc\NBA Companion\.venv\Lib\site-packages\django\template\base.py", line 508, in parse
    compiled_result = compile_func(self, token)
                      ^^^^^^^^^^^^^^^^^^^^^^^^^
  File "C:\Users\ltruon01\Desktop\misc\NBA Companion\.venv\Lib\site-packages\django\template\defaulttags.py", line 961, in do_if
    nodelist = parser.parse(("elif", "else", "endif"))
               ^^^^^^^^^^^^^^^^^^^^^^^^^^^^^^^^^^^^^^^
  File "C:\Users\ltruon01\Desktop\misc\NBA Companion\.venv\Lib\site-packages\django\template\base.py", line 515, in parse
    self.unclosed_block_tag(parse_until)
  File "C:\Users\ltruon01\Desktop\misc\NBA Companion\.venv\Lib\site-packages\django\template\base.py", line 578, in unclosed_block_tag
    raise self.error(token, msg)
django.template.exceptions.TemplateSyntaxError: Unclosed tag on line 78: 'if'. Looking for one of: elif, else, endif.
2024-05-03 16:24:59,690 - INFO - Successfully loaded regular season career.
2024-05-03 16:25:03,730 - INFO - Successfully loaded regular season career.
2024-05-03 16:25:07,713 - INFO - Successfully loaded regular season career.
2024-05-03 16:26:26,965 - INFO - Successfully loaded regular season career.
2024-05-03 16:26:30,452 - INFO - Successfully loaded regular season career.
2024-05-03 16:27:00,522 - INFO - Successfully loaded regular season career.
2024-05-03 16:28:49,077 - INFO - C:\Users\ltruon01\Desktop\misc\NBA Companion\nba_companion\nba_app\utils.py changed, reloading.
2024-05-03 16:28:57,537 - INFO - Successfully loaded regular season career.
2024-05-03 16:40:29,363 - INFO - C:\Users\ltruon01\Desktop\misc\NBA Companion\nba_companion\nba_app\utils.py changed, reloading.
2024-05-03 16:40:36,882 - INFO - Successfully loaded regular season career.
2024-05-03 16:42:41,636 - INFO - Successfully loaded regular season career.
2024-05-03 16:43:44,895 - INFO - Successfully loaded regular season career.
2024-05-03 16:43:52,368 - INFO - Successfully loaded regular season career.
2024-05-03 16:44:03,403 - INFO - Successfully loaded regular season career.
2024-05-03 16:44:18,861 - INFO - Successfully loaded regular season career.
2024-05-03 16:44:25,517 - INFO - Successfully loaded regular season career.
2024-05-03 16:44:39,929 - INFO - Successfully loaded regular season career.
2024-05-03 16:44:49,798 - INFO - Successfully loaded regular season career.
2024-05-03 16:44:54,980 - INFO - Successfully loaded regular season career.
2024-05-03 16:46:48,949 - INFO - Successfully loaded regular season career.
2024-05-03 16:51:11,917 - INFO - Successfully loaded regular season career.
2024-05-03 16:51:12,179 - ERROR - Internal Server Error: /regular_season_career_summary/
Traceback (most recent call last):
  File "C:\Users\ltruon01\Desktop\misc\NBA Companion\.venv\Lib\site-packages\django\core\handlers\exception.py", line 55, in inner
    response = get_response(request)
               ^^^^^^^^^^^^^^^^^^^^^
  File "C:\Users\ltruon01\Desktop\misc\NBA Companion\.venv\Lib\site-packages\django\core\handlers\base.py", line 197, in _get_response
    response = wrapped_callback(request, *callback_args, **callback_kwargs)
               ^^^^^^^^^^^^^^^^^^^^^^^^^^^^^^^^^^^^^^^^^^^^^^^^^^^^^^^^^^^^
  File "C:\Users\ltruon01\Desktop\misc\NBA Companion\nba_companion\nba_app\views.py", line 52, in regular_season
    return render(request, 'player_stats.html',
           ^^^^^^^^^^^^^^^^^^^^^^^^^^^^^^^^^^^^
  File "C:\Users\ltruon01\Desktop\misc\NBA Companion\.venv\Lib\site-packages\django\shortcuts.py", line 25, in render
    content = loader.render_to_string(template_name, context, request, using=using)
              ^^^^^^^^^^^^^^^^^^^^^^^^^^^^^^^^^^^^^^^^^^^^^^^^^^^^^^^^^^^^^^^^^^^^^
  File "C:\Users\ltruon01\Desktop\misc\NBA Companion\.venv\Lib\site-packages\django\template\loader.py", line 61, in render_to_string
    template = get_template(template_name, using=using)
               ^^^^^^^^^^^^^^^^^^^^^^^^^^^^^^^^^^^^^^^^
  File "C:\Users\ltruon01\Desktop\misc\NBA Companion\.venv\Lib\site-packages\django\template\loader.py", line 15, in get_template
    return engine.get_template(template_name)
           ^^^^^^^^^^^^^^^^^^^^^^^^^^^^^^^^^^
  File "C:\Users\ltruon01\Desktop\misc\NBA Companion\.venv\Lib\site-packages\django\template\backends\django.py", line 33, in get_template
    return Template(self.engine.get_template(template_name), self)
                    ^^^^^^^^^^^^^^^^^^^^^^^^^^^^^^^^^^^^^^^
  File "C:\Users\ltruon01\Desktop\misc\NBA Companion\.venv\Lib\site-packages\django\template\engine.py", line 177, in get_template
    template, origin = self.find_template(template_name)
                       ^^^^^^^^^^^^^^^^^^^^^^^^^^^^^^^^^
  File "C:\Users\ltruon01\Desktop\misc\NBA Companion\.venv\Lib\site-packages\django\template\engine.py", line 159, in find_template
    template = loader.get_template(name, skip=skip)
               ^^^^^^^^^^^^^^^^^^^^^^^^^^^^^^^^^^^^
  File "C:\Users\ltruon01\Desktop\misc\NBA Companion\.venv\Lib\site-packages\django\template\loaders\cached.py", line 57, in get_template
    template = super().get_template(template_name, skip)
               ^^^^^^^^^^^^^^^^^^^^^^^^^^^^^^^^^^^^^^^^^
  File "C:\Users\ltruon01\Desktop\misc\NBA Companion\.venv\Lib\site-packages\django\template\loaders\base.py", line 28, in get_template
    return Template(
           ^^^^^^^^^
  File "C:\Users\ltruon01\Desktop\misc\NBA Companion\.venv\Lib\site-packages\django\template\base.py", line 154, in __init__
    self.nodelist = self.compile_nodelist()
                    ^^^^^^^^^^^^^^^^^^^^^^^
  File "C:\Users\ltruon01\Desktop\misc\NBA Companion\.venv\Lib\site-packages\django\template\base.py", line 196, in compile_nodelist
    return parser.parse()
           ^^^^^^^^^^^^^^
  File "C:\Users\ltruon01\Desktop\misc\NBA Companion\.venv\Lib\site-packages\django\template\base.py", line 510, in parse
    raise self.error(token, e)
  File "C:\Users\ltruon01\Desktop\misc\NBA Companion\.venv\Lib\site-packages\django\template\base.py", line 508, in parse
    compiled_result = compile_func(self, token)
                      ^^^^^^^^^^^^^^^^^^^^^^^^^
  File "C:\Users\ltruon01\Desktop\misc\NBA Companion\.venv\Lib\site-packages\django\template\defaulttags.py", line 975, in do_if
    nodelist = parser.parse(("endif",))
               ^^^^^^^^^^^^^^^^^^^^^^^^
  File "C:\Users\ltruon01\Desktop\misc\NBA Companion\.venv\Lib\site-packages\django\template\base.py", line 481, in parse
    raise self.error(token, e)
  File "C:\Users\ltruon01\Desktop\misc\NBA Companion\.venv\Lib\site-packages\django\template\base.py", line 479, in parse
    filter_expression = self.compile_filter(token.contents)
                        ^^^^^^^^^^^^^^^^^^^^^^^^^^^^^^^^^^^
  File "C:\Users\ltruon01\Desktop\misc\NBA Companion\.venv\Lib\site-packages\django\template\base.py", line 597, in compile_filter
    return FilterExpression(token, self)
           ^^^^^^^^^^^^^^^^^^^^^^^^^^^^^
  File "C:\Users\ltruon01\Desktop\misc\NBA Companion\.venv\Lib\site-packages\django\template\base.py", line 698, in __init__
    raise TemplateSyntaxError(
django.template.exceptions.TemplateSyntaxError: Could not parse the remainder: '://cdn.nba.com/headshots/nba/latest/1040x760/fallback.png' from 'https://cdn.nba.com/headshots/nba/latest/1040x760/fallback.png'
2024-05-03 16:51:12,297 - WARNING - Not Found: /favicon.ico
2024-05-03 16:51:35,776 - INFO - Successfully loaded regular season career.
2024-05-03 16:51:39,375 - INFO - Successfully loaded regular season career.
2024-05-03 16:51:46,458 - INFO - Successfully loaded regular season career.
2024-05-03 17:00:39,544 - INFO - C:\Users\ltruon01\Desktop\misc\NBA Companion\nba_companion\nba_app\utils.py changed, reloading.
2024-05-03 17:00:56,725 - INFO - Successfully loaded regular season career.
2024-05-03 17:00:56,928 - WARNING - Not Found: /favicon.ico
2024-05-03 17:01:51,994 - INFO - C:\Users\ltruon01\Desktop\misc\NBA Companion\nba_companion\nba_app\utils.py changed, reloading.
2024-05-03 17:02:00,844 - INFO - Successfully loaded regular season career.
2024-05-03 17:04:49,515 - INFO - Successfully loaded regular season career.
2024-05-03 17:04:53,091 - INFO - Successfully loaded regular season career.
2024-05-03 17:05:09,389 - ERROR - Unable to find player: Expecting value: line 1 column 1 (char 0)
2024-05-03 17:05:22,855 - INFO - Successfully loaded regular season career.
2024-05-03 17:05:34,191 - ERROR - Unable to find player: Expecting value: line 1 column 1 (char 0)
2024-05-03 17:05:46,142 - INFO - Successfully loaded regular season career.
2024-05-03 17:06:00,971 - INFO - Successfully loaded regular season career.
2024-05-03 17:06:09,066 - INFO - Successfully loaded regular season career.
2024-05-03 17:06:22,604 - INFO - Successfully loaded regular season career.
2024-05-03 17:06:38,114 - INFO - Successfully loaded regular season career.
2024-05-03 17:06:46,706 - INFO - Successfully loaded regular season career.
2024-05-03 17:06:50,443 - INFO - Successfully loaded regular season career.
2024-05-03 19:42:32,460 - INFO - Successfully loaded regular season career.
2024-05-03 18:42:17,290 - WARNING - Not Found: /favicon.ico
2024-05-03 18:42:45,732 - INFO - Successfully loaded regular season career.
2024-05-03 18:43:14,709 - INFO - Successfully loaded regular season career.
2024-05-03 18:43:21,021 - INFO - Successfully loaded regular season career.
2024-05-03 19:19:55,906 - INFO - Successfully loaded regular season career.
2024-05-03 19:20:04,490 - INFO - Successfully loaded regular season career.
2024-05-03 19:20:18,173 - INFO - Successfully loaded regular season career.
2024-05-03 19:20:28,501 - INFO - Successfully loaded regular season career.
2024-05-03 19:20:33,689 - INFO - Successfully loaded regular season career.
2024-05-03 19:20:38,112 - INFO - Successfully loaded regular season career.
2024-05-03 19:20:43,527 - INFO - Successfully loaded regular season career.
2024-05-03 19:26:41,354 - INFO - /Users/minhgou/Desktop/GitHub/NBA-Companion/nba_companion/nba_app/utils.py changed, reloading.
2024-05-03 19:26:47,920 - INFO - Successfully loaded regular season career.
2024-05-03 19:26:50,443 - INFO - Successfully loaded regular season career.
2024-05-03 19:26:58,443 - INFO - Successfully loaded regular season career.
2024-05-03 19:48:45,110 - INFO - /Users/minhgou/Desktop/GitHub/NBA-Companion/nba_companion/nba_app/utils.py changed, reloading.
2024-05-03 19:48:52,153 - INFO - Successfully loaded regular season career.
2024-05-03 19:51:56,643 - INFO - Successfully loaded regular season career.
2024-05-03 19:52:06,094 - INFO - Successfully loaded regular season career.
2024-05-03 20:07:30,428 - INFO - /Users/minhgou/Desktop/GitHub/NBA-Companion/nba_companion/nba_app/utils.py changed, reloading.
2024-05-03 20:07:36,093 - INFO - Successfully loaded regular season career.
2024-05-03 20:08:46,226 - INFO - Successfully loaded regular season career.
2024-05-03 20:09:04,437 - INFO - Successfully loaded regular season career.
2024-05-03 20:09:15,990 - INFO - Successfully loaded regular season career.
2024-05-03 20:09:20,693 - INFO - Successfully loaded regular season career.
2024-05-03 20:09:23,064 - INFO - Successfully loaded regular season career.
2024-05-03 20:09:25,122 - INFO - Successfully loaded regular season career.
2024-05-03 20:09:30,550 - INFO - Successfully loaded regular season career.
2024-05-03 20:09:32,023 - INFO - Successfully loaded regular season career.
2024-05-03 20:11:06,440 - INFO - Successfully loaded regular season career.
2024-05-03 20:11:09,118 - INFO - Successfully loaded regular season career.
2024-05-03 20:11:11,961 - INFO - Successfully loaded regular season career.
2024-05-03 20:11:14,528 - INFO - Successfully loaded regular season career.
2024-05-03 20:11:16,858 - INFO - Successfully loaded regular season career.
2024-05-03 20:11:50,673 - INFO - Successfully loaded regular season career.
2024-05-03 20:11:54,212 - INFO - Successfully loaded regular season career.
2024-05-03 20:12:06,518 - INFO - Successfully loaded regular season career.
2024-05-03 20:12:20,178 - INFO - Successfully loaded regular season career.
2024-05-03 20:12:22,166 - INFO - Successfully loaded regular season career.
2024-05-03 20:12:24,298 - INFO - Successfully loaded regular season career.
2024-05-03 20:12:26,990 - INFO - Successfully loaded regular season career.
2024-05-03 20:12:49,742 - INFO - Successfully loaded regular season career.
2024-05-03 20:13:22,515 - INFO - Successfully loaded regular season career.
2024-05-03 20:13:24,529 - INFO - Successfully loaded regular season career.
2024-05-03 20:13:27,755 - INFO - Successfully loaded regular season career.
2024-05-03 20:13:29,921 - INFO - Successfully loaded regular season career.
2024-05-03 20:13:32,087 - INFO - Successfully loaded regular season career.
2024-05-03 20:13:34,041 - INFO - Successfully loaded regular season career.
2024-05-03 20:13:36,430 - INFO - Successfully loaded regular season career.
2024-05-03 20:13:39,359 - INFO - Successfully loaded regular season career.
2024-05-03 20:13:41,101 - INFO - Successfully loaded regular season career.
2024-05-03 20:13:43,931 - INFO - Successfully loaded regular season career.
2024-05-03 20:13:46,393 - INFO - Successfully loaded regular season career.
2024-05-03 20:14:02,388 - INFO - Successfully loaded regular season career.
2024-05-03 20:14:45,147 - INFO - Successfully loaded regular season career.
2024-05-03 20:15:22,911 - INFO - Successfully loaded regular season career.
2024-05-03 20:15:43,324 - INFO - Successfully loaded regular season career.
2024-05-03 20:15:59,145 - INFO - Successfully loaded regular season career.
2024-05-03 20:16:09,716 - INFO - Successfully loaded regular season career.
2024-05-03 20:16:19,166 - INFO - Successfully loaded regular season career.
2024-05-03 20:16:39,703 - INFO - Successfully loaded regular season career.
2024-05-03 20:16:48,753 - INFO - Successfully loaded regular season career.
2024-05-03 20:16:56,298 - INFO - Successfully loaded regular season career.
2024-05-03 20:17:06,404 - INFO - Successfully loaded regular season career.
2024-05-03 20:17:10,013 - INFO - Successfully loaded regular season career.
2024-05-03 20:17:12,508 - INFO - Successfully loaded regular season career.
2024-05-03 20:17:34,202 - INFO - Successfully loaded regular season career.
2024-05-03 20:17:39,729 - INFO - Successfully loaded regular season career.
2024-05-03 20:18:34,368 - ERROR - Unable to find player: Expecting value: line 1 column 1 (char 0)
2024-05-03 20:18:40,952 - INFO - Successfully loaded regular season career.
